<?xml version="1.0" encoding="UTF-8"?>
<testng-results skipped="0" failed="0" total="1" passed="1">
  <reporter-output>
  </reporter-output>
  <suite name="Default suite" duration-ms="7558" started-at="2018-05-22T23:25:50Z" finished-at="2018-05-22T23:25:58Z">
    <groups>
    </groups>
    <test name="Default test" duration-ms="7558" started-at="2018-05-22T23:25:50Z" finished-at="2018-05-22T23:25:58Z">
      <class name="com.test.TestDemo">
        <test-method status="PASS" signature="testNew()[pri:0, instance:com.test.TestDemo@6d00a15d]" name="testNew" duration-ms="7542" started-at="2018-05-22T19:25:50Z" description="Google Home" finished-at="2018-05-22T19:25:58Z">
          <reporter-output>
          </reporter-output>
        </test-method> <!-- testNew -->
      </class> <!-- com.test.TestDemo -->
    </test> <!-- Default test -->
  </suite> <!-- Default suite -->
</testng-results>
